AndroidStudioStudy/1-TheFirstCode/1_HelloWorld/app/build/intermediates/manifest_merge_blame_file/debug/manifest-merger-blame-debug-report.txt
1<?xml version="1.0" encoding="utf-8"?>
2<manifest xmlns:android="http://schemas.android.com/apk/res/android"
3    package="com.bo.a1_helloworld"
4    android:versionCode="1"
5    android:versionName="1.0" >
6
7    <uses-sdk
8        android:minSdkVersion="21"
8-->src\main\AndroidManifest.xml
9        android:targetSdkVersion="30" />
9-->src\main\AndroidManifest.xml
10
11    <!-- 以下的情况 -->
12    <!-- allowBackup允许返回:true -->
13    <!-- label引用app的名字 -->
14    <!-- icon引用图标 -->
15    <!-- theme引用主题 -->
16    <application
16-->src\main\AndroidManifest.xml:10:5-27:19
17        android:allowBackup="true"
17-->src\main\AndroidManifest.xml:11:9-35
18        android:appComponentFactory="androidx.core.app.CoreComponentFactory"
18-->[androidx.core:core:1.3.2] AndroidManifest.xml:24:18-86
19        android:debuggable="true"
20        android:icon="@mipmap/ic_launcher"
20-->src\main\AndroidManifest.xml:12:9-43
21        android:label="@string/app_name"
21-->src\main\AndroidManifest.xml:13:9-41
22        android:roundIcon="@mipmap/ic_launcher_round"
22-->src\main\AndroidManifest.xml:14:9-54
23        android:supportsRtl="true"
23-->src\main\AndroidManifest.xml:15:9-35
24        android:testOnly="true"
25        android:theme="@style/Theme.1_HelloWorld" >
25-->src\main\AndroidManifest.xml:16:9-50
26
27        <!-- .MainActivity是注册一个主活动,点开app都首先出现的页面,对com.bo.a1_helloworld.MainActivity进行一个注册 -->
28        <activity
28-->src\main\AndroidManifest.xml:18:9-26:20
29            android:name="com.bo.a1_helloworld.MainActivity"
29-->src\main\AndroidManifest.xml:19:13-41
30            android:exported="true" >
30-->src\main\AndroidManifest.xml:20:13-36
31            <intent-filter>
31-->src\main\AndroidManifest.xml:21:13-25:29
32                <action android:name="android.intent.action.MAIN" />
32-->src\main\AndroidManifest.xml:22:17-69
32-->src\main\AndroidManifest.xml:22:25-66
33
34                <category android:name="android.intent.category.LAUNCHER" />
34-->src\main\AndroidManifest.xml:24:17-77
34-->src\main\AndroidManifest.xml:24:27-74
35            </intent-filter>
36        </activity>
37    </application>
38
39</manifest>